
{"level":"info","message":"Request Started","path":"/customers/tomer","requestId":"9b2257f8-afaa-4759-b976-3c58a7d7d51e","service":"api"}
{"level":"error","message":"Id is not a valid Number","service":"api"}
{"level":"error","message":"Id is not a valid Number","service":"api"}
{"level":"info","message":"Request Finished","path":"/customers/tomer","requestId":"9b2257f8-afaa-4759-b976-3c58a7d7d51e","service":"api"}
{"level":"info","message":"Request Started","path":"/favicon.ico","requestId":"3aa072a8-6584-48f5-b940-b61ef9d0b025","service":"api"}
{"level":"error","message":"jwt must be provided","service":"api"}
{"level":"info","message":"Request Finished","path":"/favicon.ico","requestId":"3aa072a8-6584-48f5-b940-b61ef9d0b025","service":"api"}
{"level":"info","message":"Request Started","path":"/customers","requestId":"5d2b15cd-4780-449e-9016-e63383de5fe1","service":"api"}
{"level":"info","message":"Request Finished","path":"/","requestId":"5d2b15cd-4780-449e-9016-e63383de5fe1","service":"api"}
{"level":"info","message":"Request Started","path":"/customers","requestId":"77003504-6769-4032-aa67-11bed317afec","service":"api"}
{"level":"info","message":"Request Finished","path":"/","requestId":"77003504-6769-4032-aa67-11bed317afec","service":"api"}
{"level":"info","message":"Request Started","path":"/customers","requestId":"0dea5add-bab5-4630-9c1e-970931128b8f","service":"api"}
{"level":"info","message":"Request Finished","path":"/","requestId":"0dea5add-bab5-4630-9c1e-970931128b8f","service":"api"}
{"level":"info","message":"Request Started","path":"/customers","requestId":"a5f0f428-e58c-4431-96db-c330c4e25407","service":"api"}
{"level":"info","message":"Request Finished","path":"/","requestId":"a5f0f428-e58c-4431-96db-c330c4e25407","service":"api"}
{"level":"info","message":"Request Started","path":"/customers","requestId":"4b6ec93b-7e28-4983-b9f6-4fa0d2cc24db","service":"api"}
{"level":"info","message":"Request Finished","path":"/","requestId":"4b6ec93b-7e28-4983-b9f6-4fa0d2cc24db","service":"api"}
{"level":"info","message":"Request Started","path":"/customers","requestId":"6ef99969-8080-411d-ac0f-9d43b91987cb","service":"api"}
{"level":"info","message":"Request Finished","path":"/","requestId":"6ef99969-8080-411d-ac0f-9d43b91987cb","service":"api"}
{"level":"info","message":"Request Started","path":"/customers","requestId":"8ae1623e-186a-4f03-98ea-99a7826973df","service":"api"}
{"level":"info","message":"Request Finished","path":"/","requestId":"8ae1623e-186a-4f03-98ea-99a7826973df","service":"api"}
{"level":"info","message":"Request Started","path":"/customers","requestId":"996e3100-5d0e-4aa8-a53a-bb2c4e09c62f","service":"api"}
{"level":"info","message":"Request Finished","path":"/","requestId":"996e3100-5d0e-4aa8-a53a-bb2c4e09c62f","service":"api"}
{"level":"info","message":"Request Started","path":"/customers","requestId":"75271fa9-d8de-44a0-95d7-4569f9bb4e62","service":"api"}
{"level":"info","message":"Request Finished","path":"/","requestId":"75271fa9-d8de-44a0-95d7-4569f9bb4e62","service":"api"}
{"level":"info","message":"Request Started","path":"/customers","requestId":"29bbdc2e-3f49-497f-b0ef-35b92e9a9224","service":"api"}
{"level":"info","message":"Request Finished","path":"/","requestId":"29bbdc2e-3f49-497f-b0ef-35b92e9a9224","service":"api"}
{"level":"info","message":"Request Started","path":"/customers","requestId":"51cdab64-c627-4938-9f08-5926acd5e817","service":"api"}
{"level":"info","message":"Request Finished","path":"/","requestId":"51cdab64-c627-4938-9f08-5926acd5e817","service":"api"}
{"level":"info","message":"Request Started","path":"/customers","requestId":"29fb69f1-44ce-4259-95fc-082acb481cc9","service":"api"}
{"level":"info","message":"Request Finished","path":"/","requestId":"29fb69f1-44ce-4259-95fc-082acb481cc9","service":"api"}
{"level":"info","message":"Request Started","path":"/customers","requestId":"08b55829-ae98-4ca0-9ca5-dbb8a330fa1b","service":"api"}
{"level":"info","message":"Request Finished","path":"/","requestId":"08b55829-ae98-4ca0-9ca5-dbb8a330fa1b","service":"api"}
{"level":"info","message":"Request Started","path":"/customers","requestId":"a0e34b35-7074-4f13-bfa5-d9e6f8a09aeb","service":"api"}
{"level":"info","message":"Request Finished","path":"/","requestId":"a0e34b35-7074-4f13-bfa5-d9e6f8a09aeb","service":"api"}
{"level":"info","message":"Request Started","path":"/customers","requestId":"1a73623c-9c3e-4eb2-8823-0d7019c37e0c","service":"api"}
{"level":"info","message":"Request Finished","path":"/","requestId":"1a73623c-9c3e-4eb2-8823-0d7019c37e0c","service":"api"}
{"level":"info","message":"Request Started","path":"/customers","requestId":"9c7faecb-73fe-49d6-b82d-d2e305995a96","service":"api"}
{"level":"info","message":"Request Finished","path":"/","requestId":"9c7faecb-73fe-49d6-b82d-d2e305995a96","service":"api"}
{"level":"info","message":"Request Started","path":"/customers","requestId":"e1d290f3-3c89-47fd-adad-457eb7c27d22","service":"api"}
{"level":"info","message":"Request Finished","path":"/","requestId":"e1d290f3-3c89-47fd-adad-457eb7c27d22","service":"api"}
{"level":"info","message":"Request Started","path":"/customers","requestId":"13bf3ada-d908-4bd3-9b2e-517626b2e553","service":"api"}
{"level":"info","message":"Request Finished","path":"/","requestId":"13bf3ada-d908-4bd3-9b2e-517626b2e553","service":"api"}
{"level":"info","message":"Request Started","path":"/customers","requestId":"c7b141b4-db6f-4643-ad2d-655e5f52e650","service":"api"}
{"level":"info","message":"Request Finished","path":"/","requestId":"c7b141b4-db6f-4643-ad2d-655e5f52e650","service":"api"}
{"level":"info","message":"Request Started","path":"/customers","requestId":"7d03d805-8a38-4c79-9ef8-9a956d2921d5","service":"api"}
{"level":"info","message":"Request Finished","path":"/","requestId":"7d03d805-8a38-4c79-9ef8-9a956d2921d5","service":"api"}
{"level":"info","message":"Request Started","path":"/customers","requestId":"aba3644f-cb98-4f43-aab4-9fff60186420","service":"api"}
{"level":"info","message":"Request Finished","path":"/","requestId":"aba3644f-cb98-4f43-aab4-9fff60186420","service":"api"}
{"level":"info","message":"Request Started","path":"/customers","requestId":"7a3d93ac-c012-4cda-afcd-4fb62e428dbf","service":"api"}
{"level":"info","message":"Request Finished","path":"/","requestId":"7a3d93ac-c012-4cda-afcd-4fb62e428dbf","service":"api"}
{"level":"info","message":"Request Started","path":"/customers","requestId":"0944e692-2ba7-4df6-aa0b-a43a226c3a89","service":"api"}
{"level":"info","message":"Request Finished","path":"/","requestId":"0944e692-2ba7-4df6-aa0b-a43a226c3a89","service":"api"}
{"level":"info","message":"Request Started","path":"/customers","requestId":"c11eb91d-f34d-4ebe-be16-d7d1cb78e8c7","service":"api"}
{"level":"info","message":"Request Finished","path":"/","requestId":"c11eb91d-f34d-4ebe-be16-d7d1cb78e8c7","service":"api"}
{"level":"info","message":"Request Started","path":"/customers","requestId":"59048e20-f755-450f-996f-916aa84b214a","service":"api"}
{"level":"info","message":"Request Finished","path":"/","requestId":"59048e20-f755-450f-996f-916aa84b214a","service":"api"}
{"level":"info","message":"Request Started","path":"/customers","requestId":"a8cda83e-10d8-4bf0-8a4e-1805f10f0e74","service":"api"}
{"level":"info","message":"Request Finished","path":"/","requestId":"a8cda83e-10d8-4bf0-8a4e-1805f10f0e74","service":"api"}
{"level":"info","message":"Request Started","path":"/customers","requestId":"9a1d9fe5-677a-4a79-9504-cc9d9f35d5cf","service":"api"}
{"level":"info","message":"Request Finished","path":"/","requestId":"9a1d9fe5-677a-4a79-9504-cc9d9f35d5cf","service":"api"}
{"level":"info","message":"Request Started","path":"/customers","requestId":"3bbe935c-9fea-4b03-904f-14abf9abb180","service":"api"}
{"level":"info","message":"Request Finished","path":"/","requestId":"3bbe935c-9fea-4b03-904f-14abf9abb180","service":"api"}
{"level":"info","message":"Request Started","path":"/customers","requestId":"0c04354d-58bd-46f1-bd14-472dba310994","service":"api"}
{"level":"info","message":"Request Finished","path":"/","requestId":"0c04354d-58bd-46f1-bd14-472dba310994","service":"api"}
{"level":"info","message":"Request Started","path":"/customers","requestId":"71b21a51-eab4-45fb-9e56-28b3b2939835","service":"api"}
{"level":"info","message":"Request Finished","path":"/","requestId":"71b21a51-eab4-45fb-9e56-28b3b2939835","service":"api"}
{"level":"info","message":"Request Started","path":"/customers","requestId":"9839bbf2-aa5a-475b-badf-95434bdda23a","service":"api"}
{"level":"info","message":"Request Finished","path":"/","requestId":"9839bbf2-aa5a-475b-badf-95434bdda23a","service":"api"}
{"level":"info","message":"Request Started","path":"/customers","requestId":"ec9b399e-f485-4441-843e-a116bc2f023c","service":"api"}
{"level":"info","message":"Request Finished","path":"/","requestId":"ec9b399e-f485-4441-843e-a116bc2f023c","service":"api"}
{"level":"info","message":"Request Started","path":"/customers","requestId":"aa7c1717-e2a9-4fc1-bf86-7cc437101c66","service":"api"}
{"level":"info","message":"Request Finished","path":"/","requestId":"aa7c1717-e2a9-4fc1-bf86-7cc437101c66","service":"api"}
{"level":"info","message":"Request Started","path":"/customers","requestId":"cb91ba3c-4175-4ac3-a1e0-157b0bd41949","service":"api"}
{"level":"info","message":"Request Finished","path":"/","requestId":"cb91ba3c-4175-4ac3-a1e0-157b0bd41949","service":"api"}
{"level":"info","message":"Request Started","path":"/customers","requestId":"9ed24dc2-5918-4082-8665-ce5a28f77fce","service":"api"}
{"level":"info","message":"Request Finished","path":"/","requestId":"9ed24dc2-5918-4082-8665-ce5a28f77fce","service":"api"}
{"level":"info","message":"Request Started","path":"/customers","requestId":"365bf59a-19f1-4f90-9209-52c3bbd7a1b8","service":"api"}
{"level":"info","message":"Request Finished","path":"/","requestId":"365bf59a-19f1-4f90-9209-52c3bbd7a1b8","service":"api"}
{"level":"info","message":"Request Started","path":"/customers","requestId":"51a3fe96-2ad3-41b5-a287-e229aae91f11","service":"api"}
{"level":"info","message":"Request Finished","path":"/","requestId":"51a3fe96-2ad3-41b5-a287-e229aae91f11","service":"api"}
{"level":"info","message":"Request Started","path":"/customers","requestId":"fc3dbe9b-ab53-435b-8837-eea82366fe01","service":"api"}
{"level":"info","message":"Request Finished","path":"/","requestId":"fc3dbe9b-ab53-435b-8837-eea82366fe01","service":"api"}
{"level":"info","message":"Request Started","path":"/customers","requestId":"432aaa8b-f4f2-4003-9c30-43e7c04e08ba","service":"api"}
{"level":"info","message":"Request Finished","path":"/","requestId":"432aaa8b-f4f2-4003-9c30-43e7c04e08ba","service":"api"}
{"level":"info","message":"Request Started","path":"/customers","requestId":"68c5306a-2017-4002-b23b-c0ecfdc6476f","service":"api"}
{"level":"info","message":"Request Finished","path":"/","requestId":"68c5306a-2017-4002-b23b-c0ecfdc6476f","service":"api"}
{"level":"info","message":"Request Started","path":"/customers","requestId":"4b33c031-ca63-4bff-ab42-30d297663ad7","service":"api"}
{"level":"info","message":"Request Finished","path":"/","requestId":"4b33c031-ca63-4bff-ab42-30d297663ad7","service":"api"}
{"level":"info","message":"Request Started","path":"/customers","requestId":"d0c9d234-1d35-490c-819b-770fdd52071a","service":"api"}
{"level":"info","message":"Request Finished","path":"/","requestId":"d0c9d234-1d35-490c-819b-770fdd52071a","service":"api"}
{"level":"info","message":"Request Started","path":"/customers","requestId":"c11bf84e-07f0-4f5a-9b16-c96f7f5d54a0","service":"api"}
{"level":"info","message":"Request Finished","path":"/","requestId":"c11bf84e-07f0-4f5a-9b16-c96f7f5d54a0","service":"api"}
{"level":"info","message":"Request Started","path":"/customers","requestId":"25cf7934-0d9f-43c6-9b0f-0243deb2b0d8","service":"api"}
{"level":"info","message":"Request Finished","path":"/","requestId":"25cf7934-0d9f-43c6-9b0f-0243deb2b0d8","service":"api"}
{"level":"info","message":"Request Started","path":"/customers","requestId":"36352674-b763-4a5d-9aed-30252e6b3be0","service":"api"}
{"level":"info","message":"Request Finished","path":"/","requestId":"36352674-b763-4a5d-9aed-30252e6b3be0","service":"api"}
{"level":"info","message":"Request Started","path":"/customers","requestId":"6bcc6a48-9ac4-436a-b5f6-d25e2263f009","service":"api"}
{"level":"info","message":"Request Finished","path":"/","requestId":"6bcc6a48-9ac4-436a-b5f6-d25e2263f009","service":"api"}
{"level":"info","message":"Request Started","path":"/customers","requestId":"a4248c97-1c09-47d2-ad27-3ac55858ffa1","service":"api"}
{"level":"info","message":"Request Finished","path":"/","requestId":"a4248c97-1c09-47d2-ad27-3ac55858ffa1","service":"api"}
{"level":"info","message":"Request Started","path":"/customers","requestId":"6c8b092c-58a7-4919-b3c0-d91eaf04a868","service":"api"}
{"level":"info","message":"Request Finished","path":"/","requestId":"6c8b092c-58a7-4919-b3c0-d91eaf04a868","service":"api"}
{"level":"info","message":"Request Started","path":"/customers","requestId":"8527402b-30ad-4877-b37f-404156402be1","service":"api"}
{"level":"info","message":"Request Finished","path":"/","requestId":"8527402b-30ad-4877-b37f-404156402be1","service":"api"}
{"level":"info","message":"Request Started","path":"/customers","requestId":"65a66d46-7cf9-4d5e-bd3b-2a5800ac4a50","service":"api"}
{"level":"info","message":"Request Finished","path":"/","requestId":"65a66d46-7cf9-4d5e-bd3b-2a5800ac4a50","service":"api"}
{"level":"info","message":"Request Started","path":"/customers","requestId":"296c20b5-6ad5-4124-bb22-c86aa24d19fc","service":"api"}
{"level":"info","message":"Request Finished","path":"/","requestId":"296c20b5-6ad5-4124-bb22-c86aa24d19fc","service":"api"}
{"level":"info","message":"Request Started","path":"/customers","requestId":"80b23559-3831-4c19-858d-84aedc7edada","service":"api"}
{"level":"info","message":"Request Finished","path":"/","requestId":"80b23559-3831-4c19-858d-84aedc7edada","service":"api"}
{"level":"info","message":"Request Started","path":"/customers","requestId":"6e9188a2-c2e6-42c0-88a0-0fabfba0fc13","service":"api"}
{"level":"info","message":"Request Finished","path":"/","requestId":"6e9188a2-c2e6-42c0-88a0-0fabfba0fc13","service":"api"}
{"level":"info","message":"Request Started","path":"/customers","requestId":"e2b86178-dbee-4e1a-bf9c-c94ce82c3b01","service":"api"}
{"level":"info","message":"Request Finished","path":"/","requestId":"e2b86178-dbee-4e1a-bf9c-c94ce82c3b01","service":"api"}
{"level":"info","message":"Request Started","path":"/customers/search","requestId":"8e95deae-862c-48de-84ff-3908c46811a6","service":"api"}
{"level":"info","message":"Request Finished","path":"/search","requestId":"8e95deae-862c-48de-84ff-3908c46811a6","service":"api"}
{"level":"info","message":"Request Started","path":"/customers/search","requestId":"335d2dcf-2b22-4382-b9d8-b9f04a83b146","service":"api"}
{"level":"info","message":"Request Finished","path":"/search","requestId":"335d2dcf-2b22-4382-b9d8-b9f04a83b146","service":"api"}
{"level":"info","message":"Request Started","path":"/customers/search","requestId":"1e28c505-a3f0-4343-9775-d567d90dcef5","service":"api"}
{"level":"info","message":"Request Finished","path":"/search","requestId":"1e28c505-a3f0-4343-9775-d567d90dcef5","service":"api"}
{"level":"info","message":"Request Started","path":"/customers/search","requestId":"d3707443-a434-4895-bd45-1c0ec1477d75","service":"api"}
{"level":"info","message":"Request Finished","path":"/search","requestId":"d3707443-a434-4895-bd45-1c0ec1477d75","service":"api"}
{"level":"info","message":"Request Started","path":"/customers/search","requestId":"746aaf6c-a948-4058-9689-a24eb51b84ab","service":"api"}
{"level":"info","message":"Request Finished","path":"/search","requestId":"746aaf6c-a948-4058-9689-a24eb51b84ab","service":"api"}
{"level":"info","message":"Request Started","path":"/customers","requestId":"0b0d1df4-ecad-4e01-9a06-1ac3bfe66465","service":"api"}
{"level":"info","message":"Request Finished","path":"/","requestId":"0b0d1df4-ecad-4e01-9a06-1ac3bfe66465","service":"api"}
{"level":"info","message":"Request Started","path":"/customers","requestId":"a3ceabb8-a109-4e29-b714-8ffe41ca300d","service":"api"}
{"level":"info","message":"Request Finished","path":"/","requestId":"a3ceabb8-a109-4e29-b714-8ffe41ca300d","service":"api"}
{"level":"info","message":"Request Started","path":"/customers","requestId":"27daffad-bad0-45ff-9b18-1ee07a16b84b","service":"api"}
{"level":"info","message":"Request Finished","path":"/","requestId":"27daffad-bad0-45ff-9b18-1ee07a16b84b","service":"api"}
{"level":"info","message":"Request Started","path":"/customers","requestId":"7513656e-3d67-4fc9-8896-d3bb4522895f","service":"api"}
{"level":"info","message":"Request Finished","path":"/","requestId":"7513656e-3d67-4fc9-8896-d3bb4522895f","service":"api"}
{"level":"info","message":"Request Started","path":"/customers","requestId":"faa13ed5-16d0-4dce-bf95-2dca015dec65","service":"api"}
{"level":"info","message":"Request Finished","path":"/","requestId":"faa13ed5-16d0-4dce-bf95-2dca015dec65","service":"api"}
{"level":"info","message":"Request Started","path":"/customers/search","requestId":"3ca11acb-a687-45e2-8b02-4e9793464c29","service":"api"}
{"level":"info","message":"Request Finished","path":"/search","requestId":"3ca11acb-a687-45e2-8b02-4e9793464c29","service":"api"}
{"level":"info","message":"Request Started","path":"/customers","requestId":"d5e85318-2ccc-477d-a150-7d334e41cb03","service":"api"}
{"level":"info","message":"Request Finished","path":"/","requestId":"d5e85318-2ccc-477d-a150-7d334e41cb03","service":"api"}
{"level":"info","message":"Request Started","path":"/customers","requestId":"0e6a364f-99d0-4365-bf13-5c1757d0bb6e","service":"api"}
{"level":"info","message":"Request Finished","path":"/","requestId":"0e6a364f-99d0-4365-bf13-5c1757d0bb6e","service":"api"}
{"level":"info","message":"Request Started","path":"/customers","requestId":"e677b538-78e8-461c-abc6-12e9eed5228c","service":"api"}
{"level":"info","message":"Request Finished","path":"/","requestId":"e677b538-78e8-461c-abc6-12e9eed5228c","service":"api"}
{"level":"info","message":"Request Started","path":"/customers","requestId":"fdec3e2e-a59f-41cc-9772-201bc504b1df","service":"api"}
{"level":"info","message":"Request Finished","path":"/","requestId":"fdec3e2e-a59f-41cc-9772-201bc504b1df","service":"api"}
{"level":"info","message":"Request Started","path":"/customers","requestId":"9a153373-ac53-47b6-ab29-01c73b5cf693","service":"api"}
{"level":"info","message":"Request Finished","path":"/","requestId":"9a153373-ac53-47b6-ab29-01c73b5cf693","service":"api"}
{"level":"info","message":"Request Started","path":"/customers","requestId":"28732b81-90f5-408e-961d-33946b7e762a","service":"api"}
{"level":"info","message":"Request Finished","path":"/","requestId":"28732b81-90f5-408e-961d-33946b7e762a","service":"api"}
{"level":"info","message":"Request Started","path":"/customers","requestId":"b9b86611-dd35-4baa-bd5c-152d2d76b0b4","service":"api"}
{"level":"info","message":"Request Finished","path":"/","requestId":"b9b86611-dd35-4baa-bd5c-152d2d76b0b4","service":"api"}
{"level":"info","message":"Request Started","path":"/customers","requestId":"9437156e-d303-4ea0-bd58-debecef3c835","service":"api"}
{"level":"info","message":"Request Finished","path":"/","requestId":"9437156e-d303-4ea0-bd58-debecef3c835","service":"api"}
{"level":"info","message":"Request Started","path":"/customers","requestId":"703c1b54-6401-44a0-bf6f-adf21af3d4ad","service":"api"}
{"level":"info","message":"Request Finished","path":"/","requestId":"703c1b54-6401-44a0-bf6f-adf21af3d4ad","service":"api"}
{"level":"info","message":"Request Started","path":"/customers","requestId":"5af9751b-6e46-4bac-b2a5-a1b1fa2607ee","service":"api"}
{"level":"info","message":"Request Finished","path":"/","requestId":"5af9751b-6e46-4bac-b2a5-a1b1fa2607ee","service":"api"}
{"level":"info","message":"Request Started","path":"/customers","requestId":"a0ab35b3-1331-477c-a6ac-62b6571a591f","service":"api"}
{"level":"info","message":"Request Finished","path":"/","requestId":"a0ab35b3-1331-477c-a6ac-62b6571a591f","service":"api"}
{"level":"info","message":"Request Started","path":"/customers","requestId":"108fd76c-0bbe-4199-a958-5ec19bc6d5d4","service":"api"}
{"level":"info","message":"Request Finished","path":"/","requestId":"108fd76c-0bbe-4199-a958-5ec19bc6d5d4","service":"api"}
{"level":"info","message":"Request Started","path":"/customers","requestId":"a46bba50-8e53-40ed-8294-a809adcdca88","service":"api"}
{"level":"info","message":"Request Finished","path":"/","requestId":"a46bba50-8e53-40ed-8294-a809adcdca88","service":"api"}
{"level":"info","message":"Request Started","path":"/customers","requestId":"82e0ca87-787a-4147-99b4-3ea116477b7a","service":"api"}
{"level":"info","message":"Request Finished","path":"/","requestId":"82e0ca87-787a-4147-99b4-3ea116477b7a","service":"api"}
{"level":"info","message":"Request Started","path":"/customers","requestId":"1e02069f-1ca7-4479-92f2-d67562b66f9b","service":"api"}
{"level":"info","message":"Request Finished","path":"/","requestId":"1e02069f-1ca7-4479-92f2-d67562b66f9b","service":"api"}
{"level":"info","message":"Request Started","path":"/customers","requestId":"a971810e-7dbe-4b98-b75e-ad27ed3c56eb","service":"api"}
{"level":"info","message":"Request Finished","path":"/","requestId":"a971810e-7dbe-4b98-b75e-ad27ed3c56eb","service":"api"}
{"level":"info","message":"Request Started","path":"/customers","requestId":"5212dcab-1be4-4bce-bc42-e944e20d640e","service":"api"}
{"level":"info","message":"Request Finished","path":"/","requestId":"5212dcab-1be4-4bce-bc42-e944e20d640e","service":"api"}
{"level":"info","message":"Request Started","path":"/customers","requestId":"3795ee65-a24f-40b6-b36e-62932116aee9","service":"api"}
{"level":"info","message":"Request Finished","path":"/","requestId":"3795ee65-a24f-40b6-b36e-62932116aee9","service":"api"}
{"level":"info","message":"Request Started","path":"/customers","requestId":"fa5f1bcf-cebd-4d45-a6dd-d0f2baaf99ce","service":"api"}
{"level":"info","message":"Request Finished","path":"/","requestId":"fa5f1bcf-cebd-4d45-a6dd-d0f2baaf99ce","service":"api"}
{"level":"info","message":"Request Started","path":"/customers","requestId":"746bfde3-656f-4d40-b285-c78133a1e06a","service":"api"}
{"level":"info","message":"Request Finished","path":"/","requestId":"746bfde3-656f-4d40-b285-c78133a1e06a","service":"api"}
{"level":"info","message":"Request Started","path":"/customers","requestId":"bf167801-be13-4efb-b953-0ec9c58b03cf","service":"api"}
{"level":"info","message":"Request Finished","path":"/","requestId":"bf167801-be13-4efb-b953-0ec9c58b03cf","service":"api"}
{"level":"info","message":"Request Started","path":"/customers","requestId":"99c1219a-33fc-41da-8af2-bd87b6222e83","service":"api"}
{"level":"info","message":"Request Finished","path":"/","requestId":"99c1219a-33fc-41da-8af2-bd87b6222e83","service":"api"}
{"level":"info","message":"Request Started","path":"/customers","requestId":"fcdb9930-14d5-48ea-b2d6-25aa067cce18","service":"api"}
{"level":"info","message":"Request Finished","path":"/","requestId":"fcdb9930-14d5-48ea-b2d6-25aa067cce18","service":"api"}
{"level":"info","message":"Request Started","path":"/customers","requestId":"1f7e6cec-9142-473e-ba60-70160e7505ee","service":"api"}
{"level":"info","message":"Request Finished","path":"/","requestId":"1f7e6cec-9142-473e-ba60-70160e7505ee","service":"api"}
{"level":"info","message":"Request Started","path":"/customers","requestId":"6f374d0a-88a4-4c42-9fcc-050d4604fd73","service":"api"}
{"level":"info","message":"Request Finished","path":"/","requestId":"6f374d0a-88a4-4c42-9fcc-050d4604fd73","service":"api"}
{"level":"info","message":"Request Started","path":"/customers","requestId":"512619dc-c3fe-42e6-bb64-d7ef07da501e","service":"api"}
{"level":"info","message":"Request Finished","path":"/","requestId":"512619dc-c3fe-42e6-bb64-d7ef07da501e","service":"api"}
{"level":"info","message":"Request Started","path":"/customers","requestId":"f5ce8a38-d865-4e3a-98dc-2f8deaccf07c","service":"api"}
{"level":"info","message":"Request Finished","path":"/","requestId":"f5ce8a38-d865-4e3a-98dc-2f8deaccf07c","service":"api"}
{"level":"info","message":"Request Started","path":"/customers","requestId":"a8278b7b-0f93-4aa4-b7c0-822f774489ed","service":"api"}
{"level":"info","message":"Request Finished","path":"/","requestId":"a8278b7b-0f93-4aa4-b7c0-822f774489ed","service":"api"}
{"level":"info","message":"Request Started","path":"/customers","requestId":"bb7afc58-5394-49f5-8ce9-4c0028b62efe","service":"api"}
{"level":"info","message":"Request Finished","path":"/","requestId":"bb7afc58-5394-49f5-8ce9-4c0028b62efe","service":"api"}
{"level":"info","message":"Request Started","path":"/customers","requestId":"3a4a686e-3578-4581-8fa9-c417be41f9af","service":"api"}
{"level":"info","message":"Request Finished","path":"/","requestId":"3a4a686e-3578-4581-8fa9-c417be41f9af","service":"api"}
{"level":"info","message":"Request Started","path":"/customers","requestId":"54a5d1e0-e8b9-4cea-867b-851dcc0e6b93","service":"api"}
{"level":"info","message":"Request Finished","path":"/","requestId":"54a5d1e0-e8b9-4cea-867b-851dcc0e6b93","service":"api"}
{"level":"info","message":"Request Started","path":"/customers","requestId":"b7b33758-9627-4a4a-9c4d-3d93ab3ec567","service":"api"}
{"level":"info","message":"Request Finished","path":"/","requestId":"b7b33758-9627-4a4a-9c4d-3d93ab3ec567","service":"api"}
{"level":"info","message":"Request Started","path":"/customers","requestId":"19c84d44-2fa6-4882-9a89-31c5391b8aef","service":"api"}
{"level":"info","message":"Request Finished","path":"/","requestId":"19c84d44-2fa6-4882-9a89-31c5391b8aef","service":"api"}
{"level":"info","message":"Request Started","path":"/customers","requestId":"9af6b4fe-97fa-46c1-ab4b-6124f50807e8","service":"api"}
{"level":"info","message":"Request Finished","path":"/","requestId":"9af6b4fe-97fa-46c1-ab4b-6124f50807e8","service":"api"}
{"level":"info","message":"Request Started","path":"/customers","requestId":"ab945fbc-8dcd-4194-a486-55406e4ea9c8","service":"api"}
{"level":"info","message":"Request Finished","path":"/","requestId":"ab945fbc-8dcd-4194-a486-55406e4ea9c8","service":"api"}
{"level":"info","message":"Request Started","path":"/customers","requestId":"bb69682e-867c-4566-aae2-abe49d9ff297","service":"api"}
{"level":"info","message":"Request Finished","path":"/","requestId":"bb69682e-867c-4566-aae2-abe49d9ff297","service":"api"}
{"level":"info","message":"Request Started","path":"/customers","requestId":"ba2f8a64-25d0-4ec0-8b47-5de73a23738c","service":"api"}
{"level":"info","message":"Request Finished","path":"/","requestId":"ba2f8a64-25d0-4ec0-8b47-5de73a23738c","service":"api"}
{"level":"info","message":"Request Started","path":"/customers","requestId":"8d9fb05b-b7bb-4fc3-9c90-16eaf5eaa76c","service":"api"}
{"level":"info","message":"Request Finished","path":"/","requestId":"8d9fb05b-b7bb-4fc3-9c90-16eaf5eaa76c","service":"api"}
{"level":"info","message":"Request Started","path":"/customers","requestId":"a7e7b2ec-d59c-4797-95cb-07c6cf6e516c","service":"api"}
{"level":"info","message":"Request Finished","path":"/","requestId":"a7e7b2ec-d59c-4797-95cb-07c6cf6e516c","service":"api"}
{"level":"info","message":"Request Started","path":"/customers","requestId":"2dee4175-c1f4-41e8-88a7-7eca5483fe02","service":"api"}
{"level":"info","message":"Request Finished","path":"/","requestId":"2dee4175-c1f4-41e8-88a7-7eca5483fe02","service":"api"}
{"level":"info","message":"Request Started","path":"/customers","requestId":"4c8387ae-2a34-4002-a230-d942cf87687a","service":"api"}
{"level":"info","message":"Request Finished","path":"/","requestId":"4c8387ae-2a34-4002-a230-d942cf87687a","service":"api"}
{"level":"info","message":"Request Started","path":"/customers","requestId":"9f611d34-0491-466f-bfc3-465c03984997","service":"api"}
{"level":"info","message":"Request Finished","path":"/","requestId":"9f611d34-0491-466f-bfc3-465c03984997","service":"api"}
{"level":"info","message":"Request Started","path":"/customers","requestId":"0630bd37-25fd-4845-9315-2a59aa0e409a","service":"api"}
{"level":"info","message":"Request Finished","path":"/","requestId":"0630bd37-25fd-4845-9315-2a59aa0e409a","service":"api"}
{"level":"info","message":"Request Started","path":"/customers","requestId":"da624406-9ddd-4bfc-ae7f-826961bccf45","service":"api"}
{"level":"info","message":"Request Finished","path":"/","requestId":"da624406-9ddd-4bfc-ae7f-826961bccf45","service":"api"}
{"level":"info","message":"Request Started","path":"/customers","requestId":"cd2a73e0-2803-44e0-be57-e4c8f5db70e3","service":"api"}
{"level":"info","message":"Request Finished","path":"/","requestId":"cd2a73e0-2803-44e0-be57-e4c8f5db70e3","service":"api"}
{"level":"info","message":"Request Started","path":"/customers","requestId":"79709b6c-5967-4980-85bc-faba809630a1","service":"api"}
{"level":"info","message":"Request Finished","path":"/","requestId":"79709b6c-5967-4980-85bc-faba809630a1","service":"api"}
{"level":"info","message":"Request Started","path":"/customers","requestId":"a4e76eb3-ba7b-4385-a311-6ca5e3ad3cd7","service":"api"}
{"level":"info","message":"Request Finished","path":"/","requestId":"a4e76eb3-ba7b-4385-a311-6ca5e3ad3cd7","service":"api"}
{"level":"info","message":"Request Started","path":"/customers","requestId":"f8f56838-72aa-48f0-9799-7648254fa064","service":"api"}
{"level":"info","message":"Request Finished","path":"/","requestId":"f8f56838-72aa-48f0-9799-7648254fa064","service":"api"}
{"level":"info","message":"Request Started","path":"/customers","requestId":"5c127440-2272-4e51-bf60-ea4b81e103c9","service":"api"}
{"level":"info","message":"Request Finished","path":"/","requestId":"5c127440-2272-4e51-bf60-ea4b81e103c9","service":"api"}
{"level":"info","message":"Request Started","path":"/customers","requestId":"53cb02e0-a4c4-472e-892e-8192d105d7e0","service":"api"}
{"level":"info","message":"Request Finished","path":"/","requestId":"53cb02e0-a4c4-472e-892e-8192d105d7e0","service":"api"}
{"level":"info","message":"Api is running on Port 4000","service":"api"}
{"level":"info","message":"Request Started","path":"/customers","requestId":"a1007acd-a219-462f-a5a2-45c3880f7a98","service":"api"}
{"level":"error","message":"Incorrect arguments to mysqld_stmt_execute","service":"api"}
{"level":"error","message":"Incorrect arguments to mysqld_stmt_execute","service":"api"}
{"level":"info","message":"Request Finished","path":"/customers","requestId":"a1007acd-a219-462f-a5a2-45c3880f7a98","service":"api"}
{"level":"info","message":"Request Started","path":"/customers","requestId":"58ae8bb9-e1d7-4329-90e0-df3e68500594","service":"api"}
{"level":"error","message":"Incorrect arguments to mysqld_stmt_execute","service":"api"}
{"level":"error","message":"Incorrect arguments to mysqld_stmt_execute","service":"api"}
{"level":"info","message":"Request Finished","path":"/customers","requestId":"58ae8bb9-e1d7-4329-90e0-df3e68500594","service":"api"}
{"level":"info","message":"Api is running on Port 4000","service":"api"}
{"level":"info","message":"Request Started","path":"/customers","requestId":"070d643c-af1d-4719-a0ce-2b709d976bf5","service":"api"}
{"level":"info","message":"Request Finished","path":"/","requestId":"070d643c-af1d-4719-a0ce-2b709d976bf5","service":"api"}
{"level":"info","message":"Request Started","path":"/customers","requestId":"fcaa0161-1be5-40c4-8b6d-2b3c2d327e79","service":"api"}
{"level":"info","message":"Request Finished","path":"/","requestId":"fcaa0161-1be5-40c4-8b6d-2b3c2d327e79","service":"api"}
{"level":"info","message":"Request Started","path":"/customers","requestId":"525651f9-2cef-4acb-8b33-7224c3abd621","service":"api"}
{"level":"info","message":"Request Finished","path":"/","requestId":"525651f9-2cef-4acb-8b33-7224c3abd621","service":"api"}
{"level":"info","message":"Request Started","path":"/customers","requestId":"3ea8c90f-23ee-4934-ab65-0b496855baa4","service":"api"}
{"level":"info","message":"Request Finished","path":"/","requestId":"3ea8c90f-23ee-4934-ab65-0b496855baa4","service":"api"}
{"level":"info","message":"Request Started","path":"/customers","requestId":"d225f81c-ca82-46aa-9dbb-ca947fd65f02","service":"api"}
{"level":"info","message":"Request Finished","path":"/","requestId":"d225f81c-ca82-46aa-9dbb-ca947fd65f02","service":"api"}
{"level":"info","message":"Api is running on Port 4000","service":"api"}
{"level":"info","message":"Api is running on Port 4000","service":"api"}
{"level":"info","message":"Request Started","path":"/customers","requestId":"5cec585e-f5f0-4524-b47d-8c4b5ef9b2eb","service":"api"}
{"level":"info","message":"Request Finished","path":"/","requestId":"5cec585e-f5f0-4524-b47d-8c4b5ef9b2eb","service":"api"}
{"level":"info","message":"Request Started","path":"/customers","requestId":"bcc2a67a-3005-48cf-aa23-1ec98d942fc2","service":"api"}
{"level":"info","message":"Request Finished","path":"/","requestId":"bcc2a67a-3005-48cf-aa23-1ec98d942fc2","service":"api"}
{"level":"info","message":"Request Started","path":"/customers","requestId":"6c9cb21f-2908-4fa8-8033-9881fee22c0b","service":"api"}
{"level":"info","message":"Request Finished","path":"/","requestId":"6c9cb21f-2908-4fa8-8033-9881fee22c0b","service":"api"}
{"level":"info","message":"Request Started","path":"/customers","requestId":"7a0ef356-2224-4ab8-ae22-95ede44c24e8","service":"api"}
{"level":"info","message":"Request Finished","path":"/","requestId":"7a0ef356-2224-4ab8-ae22-95ede44c24e8","service":"api"}
{"level":"info","message":"Request Started","path":"/customers","requestId":"16152d82-4f3f-4d5b-b666-69808fdf091b","service":"api"}
{"level":"info","message":"Request Finished","path":"/","requestId":"16152d82-4f3f-4d5b-b666-69808fdf091b","service":"api"}
{"level":"info","message":"Request Started","path":"/customers","requestId":"d0177a55-e0c0-4d0a-9b64-9255b3866fbc","service":"api"}
{"level":"info","message":"Request Finished","path":"/","requestId":"d0177a55-e0c0-4d0a-9b64-9255b3866fbc","service":"api"}
{"level":"info","message":"Request Started","path":"/customers","requestId":"7b817647-f950-4593-85be-32577dda5f12","service":"api"}
{"level":"info","message":"Request Finished","path":"/","requestId":"7b817647-f950-4593-85be-32577dda5f12","service":"api"}
{"level":"info","message":"Request Started","path":"/customers","requestId":"c98546df-7db8-43d4-98a0-087ca8b78dc1","service":"api"}
{"level":"info","message":"Request Finished","path":"/","requestId":"c98546df-7db8-43d4-98a0-087ca8b78dc1","service":"api"}
{"level":"info","message":"Request Started","path":"/customers","requestId":"eba16107-95dd-4bcc-be30-b0abe400b3d6","service":"api"}
{"level":"info","message":"Request Finished","path":"/","requestId":"eba16107-95dd-4bcc-be30-b0abe400b3d6","service":"api"}
{"level":"info","message":"Request Started","path":"/customers","requestId":"55ec51c9-d78f-4347-b08c-90c258176922","service":"api"}
{"level":"info","message":"Request Finished","path":"/","requestId":"55ec51c9-d78f-4347-b08c-90c258176922","service":"api"}
{"level":"info","message":"Request Started","path":"/customers","requestId":"78058581-e448-4a8f-a8cb-b2f26453d985","service":"api"}
{"level":"info","message":"Request Finished","path":"/","requestId":"78058581-e448-4a8f-a8cb-b2f26453d985","service":"api"}
{"level":"info","message":"Request Started","path":"/customers","requestId":"0d85b6af-0996-4d34-bd5a-1e72e5879cdc","service":"api"}
{"level":"info","message":"Request Finished","path":"/","requestId":"0d85b6af-0996-4d34-bd5a-1e72e5879cdc","service":"api"}
{"level":"info","message":"Request Started","path":"/customers","requestId":"d3b0ed93-e731-4177-960b-dbe4f028ebe5","service":"api"}
{"level":"info","message":"Request Finished","path":"/","requestId":"d3b0ed93-e731-4177-960b-dbe4f028ebe5","service":"api"}
{"level":"info","message":"Request Started","path":"/customers","requestId":"1507e343-e969-475f-b0a8-b70678cfd451","service":"api"}
{"level":"info","message":"Request Finished","path":"/","requestId":"1507e343-e969-475f-b0a8-b70678cfd451","service":"api"}
{"level":"info","message":"Request Started","path":"/customers","requestId":"de0fcec7-0167-4b0b-a84d-d09bba323e91","service":"api"}
{"level":"info","message":"Request Finished","path":"/","requestId":"de0fcec7-0167-4b0b-a84d-d09bba323e91","service":"api"}
{"level":"info","message":"Api is running on Port 4000","service":"api"}
{"level":"info","message":"Request Started","path":"/customers","requestId":"6f189f7f-a300-414a-8fc9-b9bd2abe63d6","service":"api"}
{"level":"info","message":"Request Finished","path":"/","requestId":"6f189f7f-a300-414a-8fc9-b9bd2abe63d6","service":"api"}
{"level":"info","message":"Request Started","path":"/customers","requestId":"68c4c666-6d62-4a40-8ef5-dc888ece2ac9","service":"api"}
{"level":"info","message":"Request Finished","path":"/","requestId":"68c4c666-6d62-4a40-8ef5-dc888ece2ac9","service":"api"}
{"level":"info","message":"Request Started","path":"/customers","requestId":"0ca7741c-86eb-4bfe-b3ee-bb2794daffb2","service":"api"}
{"level":"info","message":"Request Finished","path":"/","requestId":"0ca7741c-86eb-4bfe-b3ee-bb2794daffb2","service":"api"}
{"level":"info","message":"Request Started","path":"/customers","requestId":"6f9369ec-38cd-4be1-a88b-a4ea155e3eaf","service":"api"}
{"level":"info","message":"Request Finished","path":"/","requestId":"6f9369ec-38cd-4be1-a88b-a4ea155e3eaf","service":"api"}
{"level":"info","message":"Request Started","path":"/customers","requestId":"a7a397e5-c233-4480-90ee-9482b241e5da","service":"api"}
{"level":"info","message":"Request Finished","path":"/","requestId":"a7a397e5-c233-4480-90ee-9482b241e5da","service":"api"}
{"level":"info","message":"Request Started","path":"/customers","requestId":"b7c68fb2-452c-4d99-a541-6fe5f7288ad2","service":"api"}
{"level":"info","message":"Request Finished","path":"/","requestId":"b7c68fb2-452c-4d99-a541-6fe5f7288ad2","service":"api"}
{"level":"info","message":"Request Started","path":"/customers","requestId":"8b52b23a-d653-43bc-877d-bd086b5c1b5e","service":"api"}
{"level":"info","message":"Request Finished","path":"/","requestId":"8b52b23a-d653-43bc-877d-bd086b5c1b5e","service":"api"}
{"level":"info","message":"Request Started","path":"/customers","requestId":"d21e170c-f579-4d9c-9449-1d5731519275","service":"api"}
{"level":"info","message":"Request Finished","path":"/","requestId":"d21e170c-f579-4d9c-9449-1d5731519275","service":"api"}
{"level":"info","message":"Request Started","path":"/customers","requestId":"74022a0a-3264-403e-a710-6c10a7128433","service":"api"}
{"level":"info","message":"Request Finished","path":"/","requestId":"74022a0a-3264-403e-a710-6c10a7128433","service":"api"}
{"level":"info","message":"Request Started","path":"/customers","requestId":"bb907a83-bf1f-4d89-ba73-b89b6240a522","service":"api"}
{"level":"info","message":"Request Finished","path":"/","requestId":"bb907a83-bf1f-4d89-ba73-b89b6240a522","service":"api"}
{"level":"info","message":"Request Started","path":"/customers","requestId":"8b658502-f5da-4caa-8641-b4d7feddd74a","service":"api"}
{"level":"info","message":"Request Finished","path":"/","requestId":"8b658502-f5da-4caa-8641-b4d7feddd74a","service":"api"}
{"level":"info","message":"Request Started","path":"/customers","requestId":"b5b28ce5-f6cd-4984-972e-ae9a804cf617","service":"api"}
{"level":"info","message":"Request Finished","path":"/","requestId":"b5b28ce5-f6cd-4984-972e-ae9a804cf617","service":"api"}
{"level":"info","message":"Request Started","path":"/customers","requestId":"086f69ad-219b-44f5-a4fc-8df039c53fba","service":"api"}
{"level":"info","message":"Request Finished","path":"/","requestId":"086f69ad-219b-44f5-a4fc-8df039c53fba","service":"api"}
{"level":"info","message":"Request Started","path":"/customers","requestId":"a4d6c715-7899-48cb-bbc1-6a2bf31fddef","service":"api"}
{"level":"info","message":"Request Finished","path":"/","requestId":"a4d6c715-7899-48cb-bbc1-6a2bf31fddef","service":"api"}
{"level":"info","message":"Request Started","path":"/customers","requestId":"211227d6-a222-4c97-860b-ad12486b7d20","service":"api"}
{"level":"info","message":"Request Finished","path":"/","requestId":"211227d6-a222-4c97-860b-ad12486b7d20","service":"api"}
{"level":"info","message":"Request Started","path":"/customers","requestId":"bdcead14-da52-4e4c-a83a-7b576e77634b","service":"api"}
{"level":"info","message":"Request Finished","path":"/","requestId":"bdcead14-da52-4e4c-a83a-7b576e77634b","service":"api"}
{"level":"info","message":"Request Started","path":"/customers","requestId":"092b4c2f-ed2f-4a03-ac39-a2c5b8faa31f","service":"api"}
{"level":"info","message":"Request Finished","path":"/","requestId":"092b4c2f-ed2f-4a03-ac39-a2c5b8faa31f","service":"api"}
{"level":"info","message":"Request Started","path":"/customers","requestId":"68dd3482-da51-4997-a723-1bf8f95ddcf3","service":"api"}
{"level":"info","message":"Request Finished","path":"/","requestId":"68dd3482-da51-4997-a723-1bf8f95ddcf3","service":"api"}
{"level":"info","message":"Api is running on Port 4000","service":"api"}
{"level":"info","message":"Api is running on Port 4000","service":"api"}
{"level":"info","message":"Api is running on Port 4000","service":"api"}
{"level":"info","message":"Api is running on Port 4000","service":"api"}
{"level":"info","message":"Api is running on Port 4000","service":"api"}
{"level":"info","message":"Api is running on Port 4000","service":"api"}
{"level":"info","message":"Api is running on Port 4000","service":"api"}
{"level":"info","message":"Request Started","path":"/customers","requestId":"a8007e69-efa0-4e53-8e5c-1103863b66f2","service":"api"}
{"level":"info","message":"Request Finished","path":"/","requestId":"a8007e69-efa0-4e53-8e5c-1103863b66f2","service":"api"}
{"level":"info","message":"Request Started","path":"/customers","requestId":"431be645-e3bf-4b35-950a-bddeb801e373","service":"api"}
{"level":"info","message":"Request Finished","path":"/","requestId":"431be645-e3bf-4b35-950a-bddeb801e373","service":"api"}
{"level":"info","message":"Request Started","path":"/customers","requestId":"fb77b31d-7edf-4fbb-a3e1-f7e2be1d297a","service":"api"}
{"level":"info","message":"Request Finished","path":"/","requestId":"fb77b31d-7edf-4fbb-a3e1-f7e2be1d297a","service":"api"}
{"level":"info","message":"Request Started","path":"/customers","requestId":"3ec452c2-8473-45f1-8ee5-25192f84d57c","service":"api"}
{"level":"info","message":"Request Finished","path":"/","requestId":"3ec452c2-8473-45f1-8ee5-25192f84d57c","service":"api"}
{"level":"info","message":"Request Started","path":"/customers","requestId":"31aa3021-a79d-45ed-8153-7c1f686f1d1a","service":"api"}
{"level":"info","message":"Request Finished","path":"/","requestId":"31aa3021-a79d-45ed-8153-7c1f686f1d1a","service":"api"}
{"level":"info","message":"Request Started","path":"/customers","requestId":"7cb09544-9447-47c8-a6ea-aeb1a565770a","service":"api"}
{"level":"info","message":"Request Finished","path":"/","requestId":"7cb09544-9447-47c8-a6ea-aeb1a565770a","service":"api"}
{"level":"info","message":"Request Started","path":"/customers/count","requestId":"9513bac9-f33d-413e-89e9-ebb561839d3d","service":"api"}
{"level":"info","message":"Request Finished","path":"/count","requestId":"9513bac9-f33d-413e-89e9-ebb561839d3d","service":"api"}
{"level":"info","message":"Api is running on Port 4000","service":"api"}
{"level":"info","message":"Api is running on Port 4000","service":"api"}
{"level":"info","message":"Request Started","path":"/customers","requestId":"5400861c-b894-4082-b12a-b827ba885aab","service":"api"}
{"level":"info","message":"Request Started","path":"/customers/count","requestId":"2b055cfe-a094-45f6-a38b-922a01a5b968","service":"api"}
{"level":"info","message":"Request Finished","path":"/","requestId":"5400861c-b894-4082-b12a-b827ba885aab","service":"api"}
{"level":"info","message":"Request Finished","path":"/count","requestId":"2b055cfe-a094-45f6-a38b-922a01a5b968","service":"api"}
{"level":"info","message":"Api is running on Port 4000","service":"api"}
{"level":"info","message":"Request Started","path":"/customers","requestId":"43ad1ade-2444-45ca-9677-71d82a915fbb","service":"api"}
{"level":"info","message":"Request Started","path":"/customers/count","requestId":"8043d879-ade5-4b57-abd4-a94f11e0349d","service":"api"}
{"level":"info","message":"Request Finished","path":"/","requestId":"43ad1ade-2444-45ca-9677-71d82a915fbb","service":"api"}
{"level":"info","message":"Request Finished","path":"/count","requestId":"8043d879-ade5-4b57-abd4-a94f11e0349d","service":"api"}
{"level":"info","message":"Request Started","path":"/customers","requestId":"cf38fb6c-772c-4dda-afb5-37680b2f6b7e","service":"api"}
{"level":"info","message":"Request Started","path":"/customers/count","requestId":"66fe9945-d48c-4f71-adc4-2a963e559e72","service":"api"}
{"level":"info","message":"Request Finished","path":"/","requestId":"cf38fb6c-772c-4dda-afb5-37680b2f6b7e","service":"api"}
{"level":"info","message":"Request Finished","path":"/count","requestId":"66fe9945-d48c-4f71-adc4-2a963e559e72","service":"api"}
{"level":"info","message":"Request Started","path":"/customers","requestId":"d5de388e-c5e0-495f-8ed2-4840ab5080de","service":"api"}
{"level":"info","message":"Request Finished","path":"/","requestId":"d5de388e-c5e0-495f-8ed2-4840ab5080de","service":"api"}
{"level":"info","message":"Request Started","path":"/customers","requestId":"cf8fc8c8-c399-48c7-aecd-6b79a06e390f","service":"api"}
{"level":"info","message":"Request Started","path":"/customers/count","requestId":"ce02a17a-d8ee-40d1-9650-d7c4f2df7e5c","service":"api"}
{"level":"info","message":"Request Finished","path":"/","requestId":"cf8fc8c8-c399-48c7-aecd-6b79a06e390f","service":"api"}
{"level":"info","message":"Request Finished","path":"/count","requestId":"ce02a17a-d8ee-40d1-9650-d7c4f2df7e5c","service":"api"}
{"level":"info","message":"Request Started","path":"/customers","requestId":"43933726-c41c-421a-9aad-d69b4d39345c","service":"api"}
{"level":"info","message":"Request Finished","path":"/","requestId":"43933726-c41c-421a-9aad-d69b4d39345c","service":"api"}
{"level":"info","message":"Request Started","path":"/customers/count","requestId":"d14ff694-0497-4045-8fb1-faf0bc987eff","service":"api"}
{"level":"info","message":"Request Finished","path":"/count","requestId":"d14ff694-0497-4045-8fb1-faf0bc987eff","service":"api"}
{"level":"info","message":"Api is running on Port 4000","service":"api"}
{"level":"info","message":"Request Started","path":"/customers","requestId":"870d1a22-04c2-46fa-a777-2e2336ce2c2a","service":"api"}
{"level":"info","message":"Request Started","path":"/customers/count","requestId":"f1bd5ca5-e28a-4e40-95cf-557696fc6d3f","service":"api"}
{"level":"info","message":"Request Finished","path":"/","requestId":"870d1a22-04c2-46fa-a777-2e2336ce2c2a","service":"api"}
{"level":"info","message":"Request Finished","path":"/count","requestId":"f1bd5ca5-e28a-4e40-95cf-557696fc6d3f","service":"api"}
{"level":"info","message":"Api is running on Port 4000","service":"api"}
{"level":"info","message":"Api is running on Port 4000","service":"api"}
{"level":"info","message":"Api is running on Port 4000","service":"api"}
{"level":"info","message":"Api is running on Port 4000","service":"api"}
{"level":"info","message":"Api is running on Port 4000","service":"api"}
{"level":"info","message":"Api is running on Port 4000","service":"api"}
{"level":"info","message":"Api is running on Port 4000","service":"api"}
{"level":"info","message":"Api is running on Port 4000","service":"api"}
{"level":"info","message":"Api is running on Port 4000","service":"api"}
{"level":"info","message":"Api is running on Port 4000","service":"api"}
{"level":"info","message":"Api is running on Port 4000","service":"api"}
{"level":"info","message":"Api is running on Port 4000","service":"api"}
{"level":"info","message":"Api is running on Port 4000","service":"api"}
{"level":"info","message":"Request Started","path":"/countries","requestId":"98b7f474-087d-4888-a03a-5d5fcf1b1cad","service":"api"}
{"level":"info","message":"Request Finished","path":"/","requestId":"98b7f474-087d-4888-a03a-5d5fcf1b1cad","service":"api"}
{"level":"info","message":"Request Started","path":"/customers","requestId":"575cbc22-e724-423c-adc1-a1b7b7e05c66","service":"api"}
{"level":"info","message":"Request Started","path":"/customers/count","requestId":"45b73fd7-c914-4420-b151-1bebe5eb8974","service":"api"}
{"level":"info","message":"Request Finished","path":"/","requestId":"575cbc22-e724-423c-adc1-a1b7b7e05c66","service":"api"}
{"level":"info","message":"Request Finished","path":"/count","requestId":"45b73fd7-c914-4420-b151-1bebe5eb8974","service":"api"}
{"level":"info","message":"Request Started","path":"/countries","requestId":"f9aaf6a6-eedb-45d3-817d-052a7ef687fe","service":"api"}
{"level":"info","message":"Request Finished","path":"/","requestId":"f9aaf6a6-eedb-45d3-817d-052a7ef687fe","service":"api"}
{"level":"info","message":"Api is running on Port 4000","service":"api"}
{"level":"info","message":"Api is running on Port 4000","service":"api"}
{"level":"info","message":"Api is running on Port 4000","service":"api"}
{"level":"info","message":"Api is running on Port 4000","service":"api"}
{"level":"info","message":"Api is running on Port 4000","service":"api"}
{"level":"info","message":"Api is running on Port 4000","service":"api"}
{"level":"info","message":"Api is running on Port 4000","service":"api"}
{"level":"info","message":"Api is running on Port 4000","service":"api"}
{"level":"info","message":"Api is running on Port 4000","service":"api"}
{"level":"info","message":"Api is running on Port 4000","service":"api"}
{"level":"info","message":"Request Started","path":"/countries","requestId":"205d897a-4857-43f3-9699-22fedc4160d6","service":"api"}
{"level":"info","message":"Request Finished","path":"/","requestId":"205d897a-4857-43f3-9699-22fedc4160d6","service":"api"}
{"level":"info","message":"Request Started","path":"/countries","requestId":"bc55cec8-911a-4bb2-93a7-074659d4f940","service":"api"}
{"level":"info","message":"Request Finished","path":"/","requestId":"bc55cec8-911a-4bb2-93a7-074659d4f940","service":"api"}
{"level":"info","message":"Request Started","path":"/customers","requestId":"86228f07-e99f-4401-82d7-73a74587abf2","service":"api"}
{"level":"info","message":"Request Started","path":"/customers/count","requestId":"f825e947-7349-4ac3-af07-d317d38c5518","service":"api"}
{"level":"info","message":"Request Finished","path":"/","requestId":"86228f07-e99f-4401-82d7-73a74587abf2","service":"api"}
{"level":"info","message":"Request Finished","path":"/count","requestId":"f825e947-7349-4ac3-af07-d317d38c5518","service":"api"}
{"level":"info","message":"Request Started","path":"/customers","requestId":"253d1114-3d68-4b25-a11b-4b0e05a674c8","service":"api"}
{"level":"info","message":"Request Started","path":"/customers/count","requestId":"3a91e967-1d14-4475-9241-8a1e3f5ef788","service":"api"}
{"level":"info","message":"Request Finished","path":"/","requestId":"253d1114-3d68-4b25-a11b-4b0e05a674c8","service":"api"}
{"level":"info","message":"Request Finished","path":"/count","requestId":"3a91e967-1d14-4475-9241-8a1e3f5ef788","service":"api"}
{"level":"info","message":"Api is running on Port 4000","service":"api"}
{"level":"info","message":"Api is running on Port 4000","service":"api"}
{"level":"info","message":"Request Started","path":"/health-check","requestId":"c8f776c6-0ef3-4173-8db5-d75808f03d0e","service":"api"}
{"level":"info","message":"Request Finished","path":"/health-check","requestId":"c8f776c6-0ef3-4173-8db5-d75808f03d0e","service":"api"}
{"level":"info","message":"Request Started","path":"/favicon.ico","requestId":"60b0cd0f-90ef-4b55-a386-2ceed40d950e","service":"api"}
{"level":"error","message":"jwt must be provided","service":"api"}
{"level":"info","message":"Request Finished","path":"/favicon.ico","requestId":"60b0cd0f-90ef-4b55-a386-2ceed40d950e","service":"api"}
{"level":"info","message":"Request Started","path":"/customers","requestId":"5b0ec701-3737-4e93-bea7-5926e13526ca","service":"api"}
{"level":"info","message":"Request Finished","path":"/","requestId":"5b0ec701-3737-4e93-bea7-5926e13526ca","service":"api"}
{"level":"info","message":"Request Started","path":"/favicon.ico","requestId":"18f5a061-bc1d-48e8-a38c-3f98c94c314b","service":"api"}
{"level":"error","message":"jwt must be provided","service":"api"}
{"level":"info","message":"Request Finished","path":"/favicon.ico","requestId":"18f5a061-bc1d-48e8-a38c-3f98c94c314b","service":"api"}
{"level":"info","message":"Request Started","path":"/employees","requestId":"0d928b33-9d43-431e-9769-646d19b7b32d","service":"api"}
{"level":"info","message":"Request Finished","path":"/","requestId":"0d928b33-9d43-431e-9769-646d19b7b32d","service":"api"}
{"level":"info","message":"Request Started","path":"/favicon.ico","requestId":"7f087a73-b91b-4d24-83e8-ce636a4e81f1","service":"api"}
{"level":"error","message":"jwt must be provided","service":"api"}
{"level":"info","message":"Request Finished","path":"/favicon.ico","requestId":"7f087a73-b91b-4d24-83e8-ce636a4e81f1","service":"api"}
{"level":"info","message":"Api is running on Port 4000","service":"api"}
{"level":"info","message":"Api is running on Port 4000","service":"api"}
{"level":"info","message":"Request Started","path":"/employees","requestId":"7f501625-a228-42e6-ba0f-d13c3636a8e5","service":"api"}
{"level":"info","message":"Request Finished","path":"/","requestId":"7f501625-a228-42e6-ba0f-d13c3636a8e5","service":"api"}
{"level":"info","message":"Request Started","path":"/favicon.ico","requestId":"76965804-4197-4505-8a79-15baf1384a80","service":"api"}
{"level":"error","message":"jwt must be provided","service":"api"}
{"level":"info","message":"Request Finished","path":"/favicon.ico","requestId":"76965804-4197-4505-8a79-15baf1384a80","service":"api"}
{"level":"info","message":"Request Started","path":"/favicon.ico","requestId":"7ee872be-82f9-4eec-b3dd-d4494cfc09ff","service":"api"}
{"level":"error","message":"jwt must be provided","service":"api"}
{"level":"info","message":"Request Finished","path":"/favicon.ico","requestId":"7ee872be-82f9-4eec-b3dd-d4494cfc09ff","service":"api"}
{"level":"info","message":"Request Started","path":"/favicon.ico","requestId":"c1c9b553-637b-4fc9-b117-e69931f42588","service":"api"}
{"level":"error","message":"jwt must be provided","service":"api"}
{"level":"info","message":"Request Finished","path":"/favicon.ico","requestId":"c1c9b553-637b-4fc9-b117-e69931f42588","service":"api"}
{"level":"info","message":"Request Started","path":"/employees","requestId":"a8f3f627-1a16-4d5f-8e47-7095354e37c8","service":"api"}
{"level":"info","message":"Request Finished","path":"/","requestId":"a8f3f627-1a16-4d5f-8e47-7095354e37c8","service":"api"}
{"level":"info","message":"Request Started","path":"/employees","requestId":"983a8354-6718-4eb0-ae2c-e7d53e6f50ab","service":"api"}
{"level":"info","message":"Request Finished","path":"/","requestId":"983a8354-6718-4eb0-ae2c-e7d53e6f50ab","service":"api"}
{"level":"info","message":"Request Started","path":"/employees","requestId":"854d8958-493d-489b-97d9-7aff647fddcc","service":"api"}
{"level":"info","message":"Request Finished","path":"/","requestId":"854d8958-493d-489b-97d9-7aff647fddcc","service":"api"}
{"level":"info","message":"Request Started","path":"/employees","requestId":"ffd00017-ceea-4e99-af46-c4e9bb84a6ef","service":"api"}
{"level":"info","message":"Request Finished","path":"/","requestId":"ffd00017-ceea-4e99-af46-c4e9bb84a6ef","service":"api"}
{"level":"info","message":"Request Started","path":"/employees","requestId":"348422dd-ff45-4fd3-8794-3850d20a5f3c","service":"api"}
{"level":"info","message":"Request Finished","path":"/","requestId":"348422dd-ff45-4fd3-8794-3850d20a5f3c","service":"api"}
{"level":"info","message":"Request Started","path":"/employees","requestId":"e0fb45a1-a24f-403c-a7c1-45854cb3fade","service":"api"}
{"level":"info","message":"Request Finished","path":"/","requestId":"e0fb45a1-a24f-403c-a7c1-45854cb3fade","service":"api"}
{"level":"info","message":"Request Started","path":"/employees","requestId":"8283e15c-f085-44b8-9a7d-0c0ef573dec9","service":"api"}
{"level":"info","message":"Request Finished","path":"/","requestId":"8283e15c-f085-44b8-9a7d-0c0ef573dec9","service":"api"}
{"level":"info","message":"Request Started","path":"/employees","requestId":"3a402f52-b5bf-4806-bdb3-2f0b461f8797","service":"api"}
{"level":"info","message":"Request Finished","path":"/","requestId":"3a402f52-b5bf-4806-bdb3-2f0b461f8797","service":"api"}
{"level":"info","message":"Request Started","path":"/employees","requestId":"6254bb7a-1156-4580-9e74-d243c318d6ba","service":"api"}
{"level":"info","message":"Request Finished","path":"/","requestId":"6254bb7a-1156-4580-9e74-d243c318d6ba","service":"api"}
{"level":"info","message":"Request Started","path":"/employees","requestId":"5406d89f-45e0-470f-87ca-c6a61c0d8594","service":"api"}
{"level":"info","message":"Request Finished","path":"/","requestId":"5406d89f-45e0-470f-87ca-c6a61c0d8594","service":"api"}
{"level":"info","message":"Request Started","path":"/employees","requestId":"c4c2ec1a-9781-4e5f-8c90-7b3228832724","service":"api"}
{"level":"info","message":"Request Finished","path":"/","requestId":"c4c2ec1a-9781-4e5f-8c90-7b3228832724","service":"api"}
{"level":"info","message":"Request Started","path":"/customers","requestId":"fbbcdafc-84fb-4c7a-bf47-08df2d027713","service":"api"}
{"level":"info","message":"Request Started","path":"/customers/count","requestId":"54abd95b-bce5-404e-8627-b92d073c705e","service":"api"}
{"level":"info","message":"Request Finished","path":"/","requestId":"fbbcdafc-84fb-4c7a-bf47-08df2d027713","service":"api"}
{"level":"info","message":"Request Finished","path":"/count","requestId":"54abd95b-bce5-404e-8627-b92d073c705e","service":"api"}
{"level":"info","message":"Request Started","path":"/employees","requestId":"0a870be2-c08d-470f-b6bc-3b998f54668a","service":"api"}
{"level":"info","message":"Request Finished","path":"/","requestId":"0a870be2-c08d-470f-b6bc-3b998f54668a","service":"api"}
{"level":"info","message":"Request Started","path":"/customers","requestId":"286f1a42-7212-4d52-b95b-1df1c95f0746","service":"api"}
{"level":"info","message":"Request Finished","path":"/","requestId":"286f1a42-7212-4d52-b95b-1df1c95f0746","service":"api"}
{"level":"info","message":"Request Started","path":"/customers/count","requestId":"5bd12fb8-11d3-4b0d-b833-489fd5734eba","service":"api"}
{"level":"info","message":"Request Finished","path":"/count","requestId":"5bd12fb8-11d3-4b0d-b833-489fd5734eba","service":"api"}
{"level":"info","message":"Request Started","path":"/employees","requestId":"dca87f30-b8f4-47ad-861c-5902f53d7a22","service":"api"}
{"level":"info","message":"Request Finished","path":"/","requestId":"dca87f30-b8f4-47ad-861c-5902f53d7a22","service":"api"}
{"level":"info","message":"Request Started","path":"/employees","requestId":"eb3ab921-2b6d-4574-add6-844bc843e0c1","service":"api"}
{"level":"info","message":"Request Finished","path":"/","requestId":"eb3ab921-2b6d-4574-add6-844bc843e0c1","service":"api"}
{"level":"info","message":"Request Started","path":"/employees","requestId":"4024d025-e9c1-474d-bd2a-8c7982e1640c","service":"api"}
{"level":"info","message":"Request Finished","path":"/","requestId":"4024d025-e9c1-474d-bd2a-8c7982e1640c","service":"api"}
{"level":"info","message":"Request Started","path":"/employees","requestId":"88d42a7a-3ba1-42ee-ad5f-401a7ce7a486","service":"api"}
{"level":"info","message":"Request Finished","path":"/","requestId":"88d42a7a-3ba1-42ee-ad5f-401a7ce7a486","service":"api"}
{"level":"info","message":"Api is running on Port 4000","service":"api"}
{"level":"info","message":"Request Started","path":"/employees","requestId":"52da5efd-6f6b-4298-adbd-b40d29e600f4","service":"api"}
{"level":"info","message":"Request Finished","path":"/","requestId":"52da5efd-6f6b-4298-adbd-b40d29e600f4","service":"api"}
{"level":"info","message":"Request Started","path":"/customers","requestId":"d17ed13d-59e6-4ea1-a3d0-06a9d280b9ba","service":"api"}
{"level":"info","message":"Request Started","path":"/customers/count","requestId":"ee134708-6de9-444a-bf14-5caae242603c","service":"api"}
{"level":"info","message":"Request Finished","path":"/","requestId":"d17ed13d-59e6-4ea1-a3d0-06a9d280b9ba","service":"api"}
{"level":"info","message":"Request Finished","path":"/count","requestId":"ee134708-6de9-444a-bf14-5caae242603c","service":"api"}
{"level":"info","message":"Request Started","path":"/employees","requestId":"2a321207-8f3b-48d2-9601-d3e6272f7c1e","service":"api"}
{"level":"info","message":"Request Finished","path":"/","requestId":"2a321207-8f3b-48d2-9601-d3e6272f7c1e","service":"api"}
{"level":"info","message":"Request Started","path":"/employees","requestId":"bf812565-f275-482a-ad18-3e2c6e120eb6","service":"api"}
{"level":"info","message":"Request Finished","path":"/","requestId":"bf812565-f275-482a-ad18-3e2c6e120eb6","service":"api"}
{"level":"info","message":"Request Started","path":"/employees","requestId":"e0c5e671-3cca-4d68-bdca-f749dc24795b","service":"api"}
{"level":"info","message":"Request Finished","path":"/","requestId":"e0c5e671-3cca-4d68-bdca-f749dc24795b","service":"api"}
{"level":"info","message":"Request Started","path":"/employees","requestId":"bacc1cab-237c-4d38-aa75-df177c0b9a84","service":"api"}
{"level":"info","message":"Request Finished","path":"/","requestId":"bacc1cab-237c-4d38-aa75-df177c0b9a84","service":"api"}
{"level":"info","message":"Request Started","path":"/employees","requestId":"14a8c40e-adc2-4746-bdf4-a583645dd39b","service":"api"}
{"level":"info","message":"Request Finished","path":"/","requestId":"14a8c40e-adc2-4746-bdf4-a583645dd39b","service":"api"}
{"level":"info","message":"Request Started","path":"/employees","requestId":"d90050a2-ce70-4122-89da-a0cbb65b3a06","service":"api"}
{"level":"info","message":"Request Finished","path":"/","requestId":"d90050a2-ce70-4122-89da-a0cbb65b3a06","service":"api"}
{"level":"info","message":"Request Started","path":"/customers","requestId":"77c8b7f8-67c4-46b4-8858-9d6d1f9aa25c","service":"api"}
{"level":"info","message":"Request Finished","path":"/","requestId":"77c8b7f8-67c4-46b4-8858-9d6d1f9aa25c","service":"api"}
{"level":"info","message":"Request Started","path":"/customers/count","requestId":"54e9b799-56be-4ddc-8df1-1199ab345f51","service":"api"}
{"level":"info","message":"Request Finished","path":"/count","requestId":"54e9b799-56be-4ddc-8df1-1199ab345f51","service":"api"}
{"level":"info","message":"Request Started","path":"/employees","requestId":"0870624f-2fd3-4a3f-8f89-c525a614276d","service":"api"}
{"level":"info","message":"Request Finished","path":"/","requestId":"0870624f-2fd3-4a3f-8f89-c525a614276d","service":"api"}
{"level":"info","message":"Request Started","path":"/employees","requestId":"8abf298a-2986-444f-97d3-c690a80ca3bd","service":"api"}
{"level":"info","message":"Request Finished","path":"/","requestId":"8abf298a-2986-444f-97d3-c690a80ca3bd","service":"api"}
{"level":"info","message":"Request Started","path":"/employees","requestId":"f634547a-4361-42dc-b8ae-877f9440936e","service":"api"}
{"level":"info","message":"Request Finished","path":"/","requestId":"f634547a-4361-42dc-b8ae-877f9440936e","service":"api"}
{"level":"info","message":"Request Started","path":"/customers","requestId":"a4dcfaca-b369-4661-8b99-b49393aaf812","service":"api"}
{"level":"info","message":"Request Started","path":"/customers/count","requestId":"ea516954-0643-46e5-903b-2cb30475a29a","service":"api"}
{"level":"info","message":"Request Finished","path":"/","requestId":"a4dcfaca-b369-4661-8b99-b49393aaf812","service":"api"}
{"level":"info","message":"Request Finished","path":"/count","requestId":"ea516954-0643-46e5-903b-2cb30475a29a","service":"api"}
{"level":"info","message":"Request Started","path":"/employees","requestId":"faacd210-2b51-4c95-aea3-f88e3a0ca671","service":"api"}
{"level":"info","message":"Request Finished","path":"/","requestId":"faacd210-2b51-4c95-aea3-f88e3a0ca671","service":"api"}
{"level":"info","message":"Request Started","path":"/employees","requestId":"78755134-7547-4cb2-93eb-0857b6a1dadb","service":"api"}
{"level":"info","message":"Request Finished","path":"/","requestId":"78755134-7547-4cb2-93eb-0857b6a1dadb","service":"api"}
{"level":"info","message":"Request Started","path":"/employees","requestId":"f0947451-130e-461b-bf6e-a27f1b76b87a","service":"api"}
{"level":"info","message":"Request Finished","path":"/","requestId":"f0947451-130e-461b-bf6e-a27f1b76b87a","service":"api"}
{"level":"info","message":"Request Started","path":"/customers","requestId":"148d910c-8bec-4a67-84f4-5b20a3914979","service":"api"}
{"level":"info","message":"Request Started","path":"/customers/count","requestId":"18fd2a7e-3993-4a4e-b740-673c05112e04","service":"api"}
{"level":"info","message":"Request Finished","path":"/","requestId":"148d910c-8bec-4a67-84f4-5b20a3914979","service":"api"}
{"level":"info","message":"Request Finished","path":"/count","requestId":"18fd2a7e-3993-4a4e-b740-673c05112e04","service":"api"}
{"level":"info","message":"Request Started","path":"/employees","requestId":"d0a5e8b3-6f19-4d1c-a86d-a39489d57de8","service":"api"}
{"level":"info","message":"Request Finished","path":"/","requestId":"d0a5e8b3-6f19-4d1c-a86d-a39489d57de8","service":"api"}
{"level":"info","message":"Request Started","path":"/employees","requestId":"29cf780b-4d2b-4d27-b066-3b6d641f185f","service":"api"}
{"level":"info","message":"Request Finished","path":"/","requestId":"29cf780b-4d2b-4d27-b066-3b6d641f185f","service":"api"}
{"level":"info","message":"Request Started","path":"/employees","requestId":"ffb3fe73-1eb4-4b2d-8431-8f7ff5dba2a3","service":"api"}
{"level":"info","message":"Request Finished","path":"/","requestId":"ffb3fe73-1eb4-4b2d-8431-8f7ff5dba2a3","service":"api"}
{"level":"info","message":"Request Started","path":"/employees","requestId":"51f267eb-0573-414a-bfd8-7e582dac1bb0","service":"api"}
{"level":"info","message":"Request Finished","path":"/","requestId":"51f267eb-0573-414a-bfd8-7e582dac1bb0","service":"api"}
{"level":"info","message":"Request Started","path":"/employees","requestId":"330337b9-080a-48aa-a6fd-5786ff4f6448","service":"api"}
{"level":"info","message":"Request Finished","path":"/","requestId":"330337b9-080a-48aa-a6fd-5786ff4f6448","service":"api"}
{"level":"info","message":"Request Started","path":"/employees","requestId":"26d2bc22-af46-48d9-beeb-6ae10f3412fd","service":"api"}
{"level":"info","message":"Request Finished","path":"/","requestId":"26d2bc22-af46-48d9-beeb-6ae10f3412fd","service":"api"}
{"level":"info","message":"Request Started","path":"/employees","requestId":"ffdd3db3-e578-43f8-a131-fadaf80949b2","service":"api"}
{"level":"info","message":"Request Finished","path":"/","requestId":"ffdd3db3-e578-43f8-a131-fadaf80949b2","service":"api"}
{"level":"info","message":"Request Started","path":"/customers","requestId":"736301b0-d2f4-4008-9120-9a8501b30bda","service":"api"}
{"level":"info","message":"Request Started","path":"/customers/count","requestId":"15aff2eb-0ffb-4dce-9ada-617114835249","service":"api"}
{"level":"info","message":"Request Finished","path":"/","requestId":"736301b0-d2f4-4008-9120-9a8501b30bda","service":"api"}
{"level":"info","message":"Request Finished","path":"/count","requestId":"15aff2eb-0ffb-4dce-9ada-617114835249","service":"api"}
{"level":"info","message":"Request Started","path":"/employees","requestId":"b610076e-ff84-4f62-8a58-2214f7432505","service":"api"}
{"level":"info","message":"Request Finished","path":"/","requestId":"b610076e-ff84-4f62-8a58-2214f7432505","service":"api"}
{"level":"info","message":"Request Started","path":"/employees","requestId":"997d36b9-c69f-4e8f-8c47-649a7dbc9706","service":"api"}
{"level":"info","message":"Request Finished","path":"/","requestId":"997d36b9-c69f-4e8f-8c47-649a7dbc9706","service":"api"}
{"level":"info","message":"Request Started","path":"/employees","requestId":"dc89436a-62b0-43da-afee-44bdb01f614d","service":"api"}
{"level":"info","message":"Request Finished","path":"/","requestId":"dc89436a-62b0-43da-afee-44bdb01f614d","service":"api"}
{"level":"info","message":"Request Started","path":"/employees","requestId":"bfea82f6-5395-4016-8984-42197759fc0a","service":"api"}
{"level":"info","message":"Request Finished","path":"/","requestId":"bfea82f6-5395-4016-8984-42197759fc0a","service":"api"}
{"level":"info","message":"Request Started","path":"/employees","requestId":"8c734b5c-3275-416f-a7a6-2f622652e447","service":"api"}
{"level":"info","message":"Request Finished","path":"/","requestId":"8c734b5c-3275-416f-a7a6-2f622652e447","service":"api"}
{"level":"info","message":"Request Started","path":"/employees","requestId":"2da0c778-2bc8-4e7c-a144-5ac9a923a70a","service":"api"}
{"level":"info","message":"Request Finished","path":"/","requestId":"2da0c778-2bc8-4e7c-a144-5ac9a923a70a","service":"api"}
{"level":"info","message":"Request Started","path":"/employees","requestId":"65944250-4197-4635-a4ef-7258f003b43a","service":"api"}
{"level":"info","message":"Request Finished","path":"/","requestId":"65944250-4197-4635-a4ef-7258f003b43a","service":"api"}
{"level":"info","message":"Request Started","path":"/employees","requestId":"107bb7bf-45f5-438d-8302-509f2cf91b6f","service":"api"}
{"level":"info","message":"Request Finished","path":"/","requestId":"107bb7bf-45f5-438d-8302-509f2cf91b6f","service":"api"}
{"level":"info","message":"Request Started","path":"/employees","requestId":"6bbcaf72-96d7-4063-ac57-a939feb38a7b","service":"api"}
{"level":"info","message":"Request Finished","path":"/","requestId":"6bbcaf72-96d7-4063-ac57-a939feb38a7b","service":"api"}
{"level":"info","message":"Request Started","path":"/employees","requestId":"4987f62d-73a2-4bc7-9700-419b593b6ab1","service":"api"}
{"level":"info","message":"Request Finished","path":"/","requestId":"4987f62d-73a2-4bc7-9700-419b593b6ab1","service":"api"}
{"level":"info","message":"Request Started","path":"/employees","requestId":"2901af7d-3021-4cc8-93ed-8a8736dea132","service":"api"}
{"level":"info","message":"Request Finished","path":"/","requestId":"2901af7d-3021-4cc8-93ed-8a8736dea132","service":"api"}
{"level":"info","message":"Request Started","path":"/employees","requestId":"a1bdb4fc-30f4-40b3-b582-857f43e0f92e","service":"api"}
{"level":"info","message":"Request Finished","path":"/","requestId":"a1bdb4fc-30f4-40b3-b582-857f43e0f92e","service":"api"}
{"level":"info","message":"Request Started","path":"/employees","requestId":"3dce5f84-bca1-49da-9b55-730e282778c8","service":"api"}
{"level":"info","message":"Request Finished","path":"/","requestId":"3dce5f84-bca1-49da-9b55-730e282778c8","service":"api"}
{"level":"info","message":"Api is running on Port 4000","service":"api"}
{"level":"info","message":"Request Started","path":"/employees","requestId":"8c119e5d-91e0-4230-a00b-4fed44f0f60d","service":"api"}
{"level":"info","message":"Request Finished","path":"/","requestId":"8c119e5d-91e0-4230-a00b-4fed44f0f60d","service":"api"}
{"level":"info","message":"Request Started","path":"/employees","requestId":"77652d71-dbdd-4f74-86e2-9ea52feb77c0","service":"api"}
{"level":"info","message":"Request Finished","path":"/","requestId":"77652d71-dbdd-4f74-86e2-9ea52feb77c0","service":"api"}
{"level":"info","message":"Api is running on Port 4000","service":"api"}
{"level":"info","message":"Api is running on Port 4000","service":"api"}
{"level":"info","message":"Request Started","path":"/employees","requestId":"9940b6b7-d591-4ed1-b72a-ca6eab136ee0","service":"api"}
{"level":"info","message":"Request Finished","path":"/","requestId":"9940b6b7-d591-4ed1-b72a-ca6eab136ee0","service":"api"}
{"level":"info","message":"Request Started","path":"/employees","requestId":"50e269a7-51de-4f3b-a935-2a42a735dd3b","service":"api"}
{"level":"info","message":"Request Finished","path":"/","requestId":"50e269a7-51de-4f3b-a935-2a42a735dd3b","service":"api"}
{"level":"info","message":"Request Started","path":"/employees","requestId":"c008bf3b-fe14-4975-81e2-8b2d3374bc0d","service":"api"}
{"level":"info","message":"Request Finished","path":"/","requestId":"c008bf3b-fe14-4975-81e2-8b2d3374bc0d","service":"api"}
{"level":"info","message":"Request Started","path":"/employees","requestId":"089bbe6e-f332-48da-b5bc-36e6421f944a","service":"api"}
{"level":"info","message":"Request Finished","path":"/","requestId":"089bbe6e-f332-48da-b5bc-36e6421f944a","service":"api"}
{"level":"info","message":"Request Started","path":"/employees","requestId":"0e224596-5fe5-455a-8923-588859a25e47","service":"api"}
{"level":"info","message":"Request Finished","path":"/","requestId":"0e224596-5fe5-455a-8923-588859a25e47","service":"api"}
{"level":"info","message":"Request Started","path":"/employees","requestId":"96521726-838f-45b3-af36-519a84323716","service":"api"}
{"level":"info","message":"Request Finished","path":"/","requestId":"96521726-838f-45b3-af36-519a84323716","service":"api"}
{"level":"info","message":"Request Started","path":"/employees","requestId":"7b45b989-dd98-4906-ba3a-a9e5dc4b31dc","service":"api"}
{"level":"info","message":"Request Finished","path":"/","requestId":"7b45b989-dd98-4906-ba3a-a9e5dc4b31dc","service":"api"}
{"level":"info","message":"Request Started","path":"/countries","requestId":"3dbd9cc3-f351-4f2b-a7f7-07f6914f6228","service":"api"}
{"level":"info","message":"Request Finished","path":"/","requestId":"3dbd9cc3-f351-4f2b-a7f7-07f6914f6228","service":"api"}
{"level":"info","message":"Api is running on Port 4000","service":"api"}
{"level":"info","message":"Request Started","path":"/customers","requestId":"b978d870-c092-43a4-b6b0-940954e0c3fc","service":"api"}
{"level":"info","message":"Request Started","path":"/customers/count","requestId":"b562636d-6281-4060-a590-9fc0c77b9326","service":"api"}
{"level":"info","message":"Request Finished","path":"/","requestId":"b978d870-c092-43a4-b6b0-940954e0c3fc","service":"api"}
{"level":"info","message":"Request Finished","path":"/count","requestId":"b562636d-6281-4060-a590-9fc0c77b9326","service":"api"}
{"level":"info","message":"Request Started","path":"/countries","requestId":"9f2ec68c-5a9e-4b55-9b58-c8c66f72bd68","service":"api"}
{"level":"info","message":"Request Finished","path":"/","requestId":"9f2ec68c-5a9e-4b55-9b58-c8c66f72bd68","service":"api"}
{"level":"info","message":"Request Started","path":"/countries","requestId":"801f952d-251c-4547-bbe9-38d9d25f22aa","service":"api"}
{"level":"info","message":"Request Finished","path":"/","requestId":"801f952d-251c-4547-bbe9-38d9d25f22aa","service":"api"}
{"level":"info","message":"Request Started","path":"/customers","requestId":"aab578a1-ebac-4eda-bf2e-f800700e5285","service":"api"}
{"level":"info","message":"Request Started","path":"/customers/count","requestId":"805d6477-b74f-4a81-b20e-c9b648d512f3","service":"api"}
{"level":"info","message":"Request Finished","path":"/","requestId":"aab578a1-ebac-4eda-bf2e-f800700e5285","service":"api"}
{"level":"info","message":"Request Finished","path":"/count","requestId":"805d6477-b74f-4a81-b20e-c9b648d512f3","service":"api"}
{"level":"info","message":"Api is running on Port 4000","service":"api"}
{"level":"info","message":"Request Started","path":"/employees","requestId":"61e5b442-01f1-4efc-82ff-0286dddf44dd","service":"api"}
{"level":"info","message":"Request Finished","path":"/","requestId":"61e5b442-01f1-4efc-82ff-0286dddf44dd","service":"api"}
{"level":"info","message":"Request Started","path":"/employees","requestId":"8e5c58bc-3350-4ca8-a0df-fcb54ce08e0d","service":"api"}
{"level":"info","message":"Request Finished","path":"/","requestId":"8e5c58bc-3350-4ca8-a0df-fcb54ce08e0d","service":"api"}
{"level":"info","message":"Request Started","path":"/employees","requestId":"e667dd95-738f-4f51-b97f-76fbe25e29a9","service":"api"}
{"level":"info","message":"Request Finished","path":"/","requestId":"e667dd95-738f-4f51-b97f-76fbe25e29a9","service":"api"}
{"level":"info","message":"Request Started","path":"/customers","requestId":"5b423738-abe5-430e-b9f5-623abf22be2b","service":"api"}
{"level":"info","message":"Request Started","path":"/customers/count","requestId":"4d9c17bc-d894-4fb5-8343-e5d1c76a1be6","service":"api"}
{"level":"info","message":"Request Finished","path":"/","requestId":"5b423738-abe5-430e-b9f5-623abf22be2b","service":"api"}
{"level":"info","message":"Request Finished","path":"/count","requestId":"4d9c17bc-d894-4fb5-8343-e5d1c76a1be6","service":"api"}
{"level":"info","message":"Request Started","path":"/employees","requestId":"b520e7a3-f596-474c-93e8-be23e23eff37","service":"api"}
{"level":"info","message":"Request Finished","path":"/","requestId":"b520e7a3-f596-474c-93e8-be23e23eff37","service":"api"}
{"level":"info","message":"Request Started","path":"/employees","requestId":"1a167e73-6266-407f-91ad-3e285691cf0d","service":"api"}
{"level":"info","message":"Request Finished","path":"/","requestId":"1a167e73-6266-407f-91ad-3e285691cf0d","service":"api"}
{"level":"info","message":"Request Started","path":"/employees","requestId":"f1b9f7ce-6478-401e-a5ee-1f7026f56f19","service":"api"}
{"level":"info","message":"Request Finished","path":"/","requestId":"f1b9f7ce-6478-401e-a5ee-1f7026f56f19","service":"api"}
{"level":"info","message":"Request Started","path":"/employees","requestId":"3258201f-db02-46c1-a487-969278122829","service":"api"}
{"level":"info","message":"Request Finished","path":"/","requestId":"3258201f-db02-46c1-a487-969278122829","service":"api"}
{"level":"info","message":"Request Started","path":"/employees","requestId":"01c6e801-020c-431e-937f-7dfed21a9c85","service":"api"}
{"level":"info","message":"Request Finished","path":"/","requestId":"01c6e801-020c-431e-937f-7dfed21a9c85","service":"api"}
{"level":"info","message":"Request Started","path":"/employees","requestId":"c63da520-89f5-4319-bd7e-42be99800a76","service":"api"}
{"level":"info","message":"Request Finished","path":"/","requestId":"c63da520-89f5-4319-bd7e-42be99800a76","service":"api"}
{"level":"info","message":"Request Started","path":"/employees","requestId":"259e95ac-2823-468b-924a-c25c03ab7200","service":"api"}
{"level":"info","message":"Request Finished","path":"/","requestId":"259e95ac-2823-468b-924a-c25c03ab7200","service":"api"}
{"level":"info","message":"Request Started","path":"/employees","requestId":"ae6dc2b7-1985-4667-8a75-988251658300","service":"api"}
{"level":"info","message":"Request Finished","path":"/","requestId":"ae6dc2b7-1985-4667-8a75-988251658300","service":"api"}
{"level":"info","message":"Request Started","path":"/employees","requestId":"05151950-3c66-4151-9e9f-7f888653627b","service":"api"}
{"level":"info","message":"Request Finished","path":"/","requestId":"05151950-3c66-4151-9e9f-7f888653627b","service":"api"}
{"level":"info","message":"Request Started","path":"/employees","requestId":"a68874b5-70c2-414b-9aab-ed4ac12c239b","service":"api"}
{"level":"info","message":"Request Finished","path":"/","requestId":"a68874b5-70c2-414b-9aab-ed4ac12c239b","service":"api"}
{"level":"info","message":"Request Started","path":"/employees","requestId":"3b99a05a-fc6b-413c-b385-812712d2853a","service":"api"}
{"level":"info","message":"Request Finished","path":"/","requestId":"3b99a05a-fc6b-413c-b385-812712d2853a","service":"api"}
{"level":"info","message":"Request Started","path":"/employees","requestId":"349a102f-28b2-42fc-b9e3-144aeb1c7f51","service":"api"}
{"level":"info","message":"Request Finished","path":"/","requestId":"349a102f-28b2-42fc-b9e3-144aeb1c7f51","service":"api"}
{"level":"info","message":"Request Started","path":"/employees","requestId":"52708fdc-acbd-4209-991a-5de027e11325","service":"api"}
{"level":"info","message":"Request Finished","path":"/","requestId":"52708fdc-acbd-4209-991a-5de027e11325","service":"api"}
{"level":"info","message":"Request Started","path":"/employees","requestId":"74c4c645-584e-4d70-86d4-216f2d183a78","service":"api"}
{"level":"info","message":"Request Finished","path":"/","requestId":"74c4c645-584e-4d70-86d4-216f2d183a78","service":"api"}
{"level":"info","message":"Request Started","path":"/employees","requestId":"526e15fd-2d88-446a-ab2a-1b0e0361f85f","service":"api"}
{"level":"info","message":"Request Finished","path":"/","requestId":"526e15fd-2d88-446a-ab2a-1b0e0361f85f","service":"api"}
{"level":"info","message":"Request Started","path":"/employees","requestId":"3e846078-7c26-4cd0-ac97-16d7be9ca83f","service":"api"}
{"level":"info","message":"Request Finished","path":"/","requestId":"3e846078-7c26-4cd0-ac97-16d7be9ca83f","service":"api"}
